<?xml version="1.0" encoding="UTF-8"?>
<testng-results ignored="0" total="1" passed="1" failed="0" skipped="0">
  <reporter-output>
  </reporter-output>
  <suite started-at="2024-01-14T16:38:34 IST" name="Default suite" finished-at="2024-01-14T16:38:37 IST" duration-ms="2952">
    <groups>
    </groups>
    <test started-at="2024-01-14T16:38:34 IST" name="Default test" finished-at="2024-01-14T16:38:37 IST" duration-ms="2952">
      <class name="RestAPI.Api_metthods">
        <test-method signature="cookies()[pri:0, instance:RestAPI.Api_metthods@795cd85e]" started-at="2024-01-14T16:38:34 IST" name="cookies" finished-at="2024-01-14T16:38:37 IST" duration-ms="2870" status="PASS">
          <reporter-output>
          </reporter-output>
        </test-method> <!-- cookies -->
      </class> <!-- RestAPI.Api_metthods -->
    </test> <!-- Default test -->
  </suite> <!-- Default suite -->
</testng-results>
